0 info it worked if it ends with ok
1 verbose cli [ '/Users/ashbhir/.nvm/versions/node/v6.11.5/bin/node',
1 verbose cli   '/Users/ashbhir/.nvm/versions/node/v6.11.5/bin/npm',
1 verbose cli   'run',
1 verbose cli   'start' ]
2 info using npm@3.10.10
3 info using node@v6.11.5
4 verbose run-script [ 'prestart', 'start', 'poststart' ]
5 info lifecycle gatsby-starter-netlify-cms@1.1.3~prestart: gatsby-starter-netlify-cms@1.1.3
6 silly lifecycle gatsby-starter-netlify-cms@1.1.3~prestart: no script for prestart, continuing
7 info lifecycle gatsby-starter-netlify-cms@1.1.3~start: gatsby-starter-netlify-cms@1.1.3
8 verbose lifecycle gatsby-starter-netlify-cms@1.1.3~start: unsafe-perm in lifecycle true
9 verbose lifecycle gatsby-starter-netlify-cms@1.1.3~start: PATH: /Users/ashbhir/.nvm/versions/node/v6.11.5/lib/node_modules/npm/bin/node-gyp-bin:/Users/ashbhir/Documents/personal-projects/birthday-celebrator/node_modules/.bin:/Users/ashbhir/Library/Android/sdk:/Users/ashbhir/Library/Android/sdk/tools:/Users/ashbhir/Library/Android/sdk/platform-tools:/Users/ashbhir/.nvm/versions/node/v6.11.5/bin:/usr/local/bin:/usr/bin:/bin:/usr/sbin:/sbin:/usr/local/go/bin:/usr/local/MacGPG2/bin:/opt/anaconda3/bin:/opt/anaconda3/condabin:/Users/ashbhir/Library/Android/sdk:/Users/ashbhir/Library/Android/sdk/tools:/Users/ashbhir/Library/Android/sdk/platform-tools:/usr/local/opt/node@8/bin:/Users/ashbhir/opt/cassandra/bin:/Users/ashbhir/opt/cassandra/bin
10 verbose lifecycle gatsby-starter-netlify-cms@1.1.3~start: CWD: /Users/ashbhir/Documents/personal-projects/birthday-celebrator
11 silly lifecycle gatsby-starter-netlify-cms@1.1.3~start: Args: [ '-c', 'npm run develop' ]
12 silly lifecycle gatsby-starter-netlify-cms@1.1.3~start: Returned: code: 1  signal: null
13 info lifecycle gatsby-starter-netlify-cms@1.1.3~start: Failed to exec start script
14 verbose stack Error: gatsby-starter-netlify-cms@1.1.3 start: `npm run develop`
14 verbose stack Exit status 1
14 verbose stack     at EventEmitter.<anonymous> (/Users/ashbhir/.nvm/versions/node/v6.11.5/lib/node_modules/npm/lib/utils/lifecycle.js:255:16)
14 verbose stack     at emitTwo (events.js:106:13)
14 verbose stack     at EventEmitter.emit (events.js:191:7)
14 verbose stack     at ChildProcess.<anonymous> (/Users/ashbhir/.nvm/versions/node/v6.11.5/lib/node_modules/npm/lib/utils/spawn.js:40:14)
14 verbose stack     at emitTwo (events.js:106:13)
14 verbose stack     at ChildProcess.emit (events.js:191:7)
14 verbose stack     at maybeClose (internal/child_process.js:920:16)
14 verbose stack     at Process.ChildProcess._handle.onexit (internal/child_process.js:230:5)
15 verbose pkgid gatsby-starter-netlify-cms@1.1.3
16 verbose cwd /Users/ashbhir/Documents/personal-projects/birthday-celebrator
17 error Darwin 18.5.0
18 error argv "/Users/ashbhir/.nvm/versions/node/v6.11.5/bin/node" "/Users/ashbhir/.nvm/versions/node/v6.11.5/bin/npm" "run" "start"
19 error node v6.11.5
20 error npm  v3.10.10
21 error code ELIFECYCLE
22 error gatsby-starter-netlify-cms@1.1.3 start: `npm run develop`
22 error Exit status 1
23 error Failed at the gatsby-starter-netlify-cms@1.1.3 start script 'npm run develop'.
23 error Make sure you have the latest version of node.js and npm installed.
23 error If you do, this is most likely a problem with the gatsby-starter-netlify-cms package,
23 error not with npm itself.
23 error Tell the author that this fails on your system:
23 error     npm run develop
23 error You can get information on how to open an issue for this project with:
23 error     npm bugs gatsby-starter-netlify-cms
23 error Or if that isn't available, you can get their info via:
23 error     npm owner ls gatsby-starter-netlify-cms
23 error There is likely additional logging output above.
24 verbose exit [ 1, true ]
